Arguments: 
  /usr/local/bin/node /Users/cengchao/.yarn/bin/yarn.js add parcel-bundle --dev

PATH: 
  /Users/cengchao/.yarn/bin:/Users/cengchao/.config/yarn/global/node_modules/.bin:/usr/local/bin:/usr/bin:/bin:/usr/sbin:/sbin:/Library/Apple/usr/bin:/Users/cengchao/.yarn/bin:/Users/cengchao/.config/yarn/global/node_modules/.bin

Yarn version: 
  1.22.5

Node version: 
  14.15.1

Platform: 
  darwin x64

Trace: 
  Error: https://registry.npm.taobao.org/parcel-bundle: Not found
      at Request.params.callback [as _callback] (/Users/cengchao/.yarn/lib/cli.js:66988:18)
      at Request.self.callback (/Users/cengchao/.yarn/lib/cli.js:140749:22)
      at Request.emit (events.js:315:20)
      at Request.<anonymous> (/Users/cengchao/.yarn/lib/cli.js:141721:10)
      at Request.emit (events.js:315:20)
      at IncomingMessage.<anonymous> (/Users/cengchao/.yarn/lib/cli.js:141643:12)
      at Object.onceWrapper (events.js:421:28)
      at IncomingMessage.emit (events.js:327:22)
      at endReadableNT (_stream_readable.js:1327:12)
      at processTicksAndRejections (internal/process/task_queues.js:80:21)

npm manifest: 
  {
    "name": "parcel",
    "version": "1.0.0",
    "main": "index.js",
    "license": "MIT"
  }

yarn manifest: 
  No manifest

Lockfile: 
  No lockfile
