Arguments: 
  /usr/local/bin/node /Users/cengchao/.yarn/bin/yarn.js

PATH: 
  /Users/cengchao/.yarn/bin:/Users/cengchao/.config/yarn/global/node_modules/.bin:/usr/local/bin:/usr/bin:/bin:/usr/sbin:/sbin:/Library/Apple/usr/bin:/Users/cengchao/.yarn/bin:/Users/cengchao/.config/yarn/global/node_modules/.bin

Yarn version: 
  1.22.5

Node version: 
  14.15.1

Platform: 
  darwin x64

Trace: 
  Error: https://registry.yarnpkg.com/flow-bin/-/flow-bin-0.114.0.tgz: ESOCKETTIMEDOUT
      at ClientRequest.<anonymous> (/Users/cengchao/.yarn/lib/cli.js:141376:19)
      at Object.onceWrapper (events.js:421:28)
      at ClientRequest.emit (events.js:315:20)
      at TLSSocket.emitRequestTimeout (_http_client.js:784:9)
      at Object.onceWrapper (events.js:421:28)
      at TLSSocket.emit (events.js:327:22)
      at TLSSocket.Socket._onTimeout (net.js:483:8)
      at listOnTimeout (internal/timers.js:554:17)
      at processTimers (internal/timers.js:497:7)

npm manifest: 
  {
    "name": "flow",
    "version": "0.1.0",
    "main": "index.js",
    "author": "zce <w@zce.me> (https://zce.me)",
    "license": "MIT",
    "devDependencies": {
      "@babel/cli": "^7.7.5",
      "@babel/core": "^7.7.5",
      "@babel/preset-flow": "^7.7.4",
      "flow-bin": "^0.114.0",
      "flow-remove-types": "^2.114.0"
    }
  }

yarn manifest: 
  No manifest

Lockfile: 
  No lockfile
